<?xml version="1.0" encoding="UTF-8"?>
<!-- Generated by org.testng.reporters.JUnitReportReporter -->
<testsuite hostname="MYNB244-6074Z72" name="testngRunner.Test1" tests="1" failures="0" timestamp="12 May 2017 14:57:37 GMT" time="0.134" errors="0">
  <testcase name="feature" time="0.134" classname="testngRunner.Test1"/>
</testsuite> <!-- testngRunner.Test1 -->
